[debug] [2024-02-05T13:46:33.330Z] ----------------------------------------------------------------------
[debug] [2024-02-05T13:46:33.333Z] Command:       C:\Program Files\nodejs\node.exe C:\Users\keert\AppData\Roaming\npm\node_modules\firebase-tools\lib\bin\firebase.js init
[debug] [2024-02-05T13:46:33.334Z] CLI Version:   12.4.3
[debug] [2024-02-05T13:46:33.334Z] Platform:      win32
[debug] [2024-02-05T13:46:33.334Z] Node Version:  v18.16.0
[debug] [2024-02-05T13:46:33.339Z] Time:          Mon Feb 05 2024 19:16:33 GMT+0530 (India Standard Time)
[debug] [2024-02-05T13:46:33.339Z] ----------------------------------------------------------------------
[debug] 
[debug] [2024-02-05T13:46:33.344Z] >>> [apiv2][query] GET https://firebase-public.firebaseio.com/cli.json [none]
[debug] [2024-02-05T13:46:33.418Z] > command requires scopes: ["email","openid","https://www.googleapis.com/auth/cloudplatformprojects.readonly","https://www.googleapis.com/auth/firebase","https://www.googleapis.com/auth/cloud-platform"]
[debug] [2024-02-05T13:46:33.419Z] > authorizing via signed-in user (keerthi@cyclotech.in)
[info] 
     ######## #### ########  ######## ########     ###     ######  ########
     ##        ##  ##     ## ##       ##     ##  ##   ##  ##       ##
     ######    ##  ########  ######   ########  #########  ######  ######
     ##        ##  ##    ##  ##       ##     ## ##     ##       ## ##
     ##       #### ##     ## ######## ########  ##     ##  ######  ########

You're about to initialize a Firebase project in this directory:

  C:\Users\keert\OneDrive\Desktop\SOS-Server

[debug] [2024-02-05T13:46:34.085Z] <<< [apiv2][status] GET https://firebase-public.firebaseio.com/cli.json 200
[debug] [2024-02-05T13:46:34.086Z] <<< [apiv2][body] GET https://firebase-public.firebaseio.com/cli.json {"cloudBuildErrorAfter":1594252800000,"cloudBuildWarnAfter":1590019200000,"defaultNode10After":1594252800000,"minVersion":"3.0.5","node8DeploysDisabledAfter":1613390400000,"node8RuntimeDisabledAfter":1615809600000,"node8WarnAfter":1600128000000}
